<?xml version="1.0" encoding="UTF-8"?>
<!-- Generated by org.testng.reporters.JUnitReportReporter -->
<testsuite hostname="LAPTOP-9TM2J409" failures="0" tests="2" name="TestNg.Demo" time="7.875" errors="0" timestamp="2024-07-16T16:20:17 IST" skipped="0">
  <testcase classname="TestNg.Demo" name="demo" time="0.022"/>
  <system-out>
    <![CDATA[demo test case executed]]>
  </system-out>
  <testcase classname="TestNg.Demo" name="sample" time="7.853"/>
  <system-out>
    <![CDATA[Welcome to advance selenium
test executed]]>
  </system-out>
</testsuite> <!-- TestNg.Demo -->
