<?xml version="1.0" encoding="UTF-8"?>
<!-- Generated by org.testng.reporters.JUnitReportReporter -->
<testsuite hostname="LAPTOP-9TM2J409" failures="0" tests="1" name="BatchExecution.Lamborghin" time="16.470" errors="0" timestamp="2024-07-19T15:13:00 IST" skipped="0">
  <testcase classname="BatchExecution.Lamborghin" name="LaunchLamborghin" time="16.470"/>
  <system-out>
    <![CDATA[Lamborghin Launched Succesfully]]>
  </system-out>
</testsuite> <!-- BatchExecution.Lamborghin -->
