<?xml version="1.0" encoding="UTF-8"?>
<!-- Generated by org.testng.reporters.JUnitReportReporter -->
<testsuite hostname="LAPTOP-9TM2J409" failures="0" tests="2" name="TestNg.AnnotationAttributes" time="12.978" errors="0" timestamp="2024-07-16T16:41:11 IST" skipped="0">
  <testcase classname="TestNg.AnnotationAttributes" name="login" time="7.351"/>
  <system-out>
    <![CDATA[login is succesfull]]>
  </system-out>
  <testcase classname="TestNg.AnnotationAttributes" name="Register" time="5.627"/>
  <system-out>
    <![CDATA[Register is  succesfull]]>
  </system-out>
</testsuite> <!-- TestNg.AnnotationAttributes -->
