<?xml version="1.0" encoding="UTF-8"?>
<!-- Generated by org.testng.reporters.JUnitReportReporter -->
<testsuite hostname="LAPTOP-9TM2J409" failures="0" tests="1" name="TestNg.ConfigurationAnnotations" time="0.013" errors="0" timestamp="2024-07-20T16:10:47 IST" skipped="0">
  <testcase classname="TestNg.ConfigurationAnnotations" name="demo" time="0.013"/>
  <system-out>
    <![CDATA[@Test(demo) is executed]]>
  </system-out>
</testsuite> <!-- TestNg.ConfigurationAnnotations -->
