<?xml version="1.0" encoding="UTF-8"?>
<!-- Generated by org.testng.reporters.JUnitReportReporter -->
<testsuite hostname="LAPTOP-9TM2J409" failures="0" tests="1" name="Assertion.ToLearnSoftAssert" time="10.070" errors="0" timestamp="2024-07-23T15:48:00 IST" skipped="0">
  <testcase classname="Assertion.ToLearnSoftAssert" name="login" time="10.070"/>
  <system-out>
    <![CDATA[Login page is displayed
Home page is displayed]]>
  </system-out>
</testsuite> <!-- Assertion.ToLearnSoftAssert -->
