<?xml version="1.0" encoding="UTF-8"?>
<!-- Generated by org.testng.reporters.JUnitReportReporter -->
<testsuite hostname="LAPTOP-9TM2J409" failures="0" tests="1" name="Assertion.ToLearnHardAssert" time="11.812" errors="0" timestamp="2024-07-22T17:20:52 IST" skipped="0">
  <testcase classname="Assertion.ToLearnHardAssert" name="login" time="11.812"/>
  <system-out>
    <![CDATA[Login page is Displayed
Home page is displayed]]>
  </system-out>
</testsuite> <!-- Assertion.ToLearnHardAssert -->
