<?xml version="1.0" encoding="UTF-8"?>
<!-- Generated by org.testng.reporters.JUnitReportReporter -->
<testsuite hostname="LAPTOP-9TM2J409" failures="0" tests="1" name="BikeBatchExecution.RoyalEnfield" time="8.425" errors="0" timestamp="2024-07-19T16:41:13 IST" skipped="0">
  <testcase classname="BikeBatchExecution.RoyalEnfield" name="LaunchBullet" time="8.425"/>
  <system-out>
    <![CDATA[RoyalEnfeild Launched Successfully]]>
  </system-out>
</testsuite> <!-- BikeBatchExecution.RoyalEnfield -->
