<?xml version="1.0" encoding="UTF-8"?>
<!-- Generated by org.testng.reporters.JUnitReportReporter -->
<testsuite hostname="LAPTOP-9TM2J409" failures="0" tests="1" name="TestNg.TestScript" time="5.693" errors="0" timestamp="2024-07-22T15:08:36 IST" skipped="0">
  <testcase classname="TestNg.TestScript" name="clickOnBook" time="5.693"/>
  <system-out>
    <![CDATA[Book page is displayed]]>
  </system-out>
</testsuite> <!-- TestNg.TestScript -->
