<?xml version="1.0" encoding="UTF-8"?>
<!-- Generated by org.testng.reporters.JUnitReportReporter -->
<testsuite hostname="LAPTOP-9TM2J409" failures="0" tests="3" name="DataProvider.ToLearnDataProvider" time="33.153" errors="0" timestamp="2024-07-22T16:12:21 IST" skipped="0">
  <testcase classname="DataProvider.ToLearnDataProvider" name="login" time="12.922"/>
  <system-out/>
  <testcase classname="DataProvider.ToLearnDataProvider" name="login" time="9.903"/>
  <system-out/>
  <testcase classname="DataProvider.ToLearnDataProvider" name="login" time="10.328"/>
  <system-out/>
</testsuite> <!-- DataProvider.ToLearnDataProvider -->
