<?xml version="1.0" encoding="UTF-8"?>
<!-- Generated by org.testng.reporters.JUnitReportReporter -->
<testsuite hostname="LAPTOP-9TM2J409" failures="0" tests="5" name="TestNg.PriortyInovacation" time="33.267" errors="0" timestamp="2024-07-17T15:47:49 IST" skipped="1">
  <testcase classname="TestNg.PriortyInovacation" name="login" time="8.479"/>
  <system-out>
    <![CDATA[login is succesfull]]>
  </system-out>
  <testcase classname="TestNg.PriortyInovacation" name="login" time="8.104"/>
  <system-out>
    <![CDATA[login is succesfull]]>
  </system-out>
  <testcase classname="TestNg.PriortyInovacation" name="login" time="8.229"/>
  <system-out>
    <![CDATA[login is succesfull]]>
  </system-out>
  <testcase classname="TestNg.PriortyInovacation" name="login" time="8.455"/>
  <system-out>
    <![CDATA[login is succesfull]]>
  </system-out>
  <testcase classname="TestNg.PriortyInovacation" name="Register">
    <skipped/>
  </testcase> <!-- Register -->
  <system-out/>
</testsuite> <!-- TestNg.PriortyInovacation -->
