<?xml version="1.0" encoding="UTF-8"?>
<!-- Generated by org.testng.reporters.JUnitReportReporter -->
<testsuite hostname="LAPTOP-9TM2J409" failures="0" tests="1" name="BatchExecution.Audi" time="8.598" errors="0" timestamp="2024-07-19T15:54:52 IST" skipped="0">
  <testcase classname="BatchExecution.Audi" name="LaunchAudi" time="8.598"/>
  <system-out>
    <![CDATA[Audi Launched Succesfully]]>
  </system-out>
</testsuite> <!-- BatchExecution.Audi -->
