<?xml version="1.0" encoding="UTF-8"?>
<!-- Generated by org.testng.reporters.JUnitReportReporter -->
<testsuite hostname="LAPTOP-9TM2J409" failures="0" tests="1" name="BikeBatchExecution.We3Bike" time="7.193" errors="0" timestamp="2024-07-19T16:39:09 IST" skipped="0">
  <testcase classname="BikeBatchExecution.We3Bike" name="R15" time="7.193"/>
  <system-out>
    <![CDATA[R15-v3 Launched Successfully]]>
  </system-out>
</testsuite> <!-- BikeBatchExecution.We3Bike -->
