<?xml version="1.0" encoding="UTF-8"?>
<!-- Generated by org.testng.reporters.JUnitReportReporter -->
<testsuite hostname="LAPTOP-9TM2J409" failures="0" tests="3" name="DataProvider.InstagramAssignment" time="55.791" errors="0" timestamp="2024-07-22T16:29:18 IST" skipped="0">
  <testcase classname="DataProvider.InstagramAssignment" name="login" time="30.590"/>
  <system-out/>
  <testcase classname="DataProvider.InstagramAssignment" name="login" time="14.578"/>
  <system-out/>
  <testcase classname="DataProvider.InstagramAssignment" name="login" time="10.623"/>
  <system-out/>
</testsuite> <!-- DataProvider.InstagramAssignment -->
