<?xml version="1.0" encoding="UTF-8"?>
<!-- Generated by org.testng.reporters.JUnitReportReporter -->
<testsuite hostname="LAPTOP-9TM2J409" failures="0" tests="3" name="TestNg.DependsOnMethods" time="13.983" errors="0" timestamp="2024-07-17T16:22:59 IST" skipped="0">
  <testcase classname="TestNg.DependsOnMethods" name="login" time="5.625"/>
  <system-out>
    <![CDATA[login is succesfull]]>
  </system-out>
  <testcase classname="TestNg.DependsOnMethods" name="addProducts" time="0.003"/>
  <system-out>
    <![CDATA[Product is added]]>
  </system-out>
  <testcase classname="TestNg.DependsOnMethods" name="Register" time="8.355"/>
  <system-out>
    <![CDATA[Register is  succesfull]]>
  </system-out>
</testsuite> <!-- TestNg.DependsOnMethods -->
