<?xml version="1.0" encoding="UTF-8"?>
<!-- Generated by org.testng.reporters.JUnitReportReporter -->
<testsuite hostname="LAPTOP-9TM2J409" failures="0" tests="1" name="BatchExecution.RollsRoyce" time="18.271" errors="0" timestamp="2024-07-19T15:13:00 IST" skipped="0">
  <testcase classname="BatchExecution.RollsRoyce" name="LaunchRollsRoyce" time="18.271"/>
  <system-out>
    <![CDATA[RollsRoyce Launched Succesfully]]>
  </system-out>
</testsuite> <!-- BatchExecution.RollsRoyce -->
